<?xml version="1.0" encoding="UTF-8"?>
<testng-results ignored="0" total="3" passed="3" failed="0" skipped="0">
  <reporter-output>
  </reporter-output>
  <suite started-at="2023-02-03T14:46:17 GMT-04:00" name="Default suite" finished-at="2023-02-03T14:47:25 GMT-04:00" duration-ms="68364">
    <groups>
    </groups>
    <test started-at="2023-02-03T14:46:17 GMT-04:00" name="Default test" finished-at="2023-02-03T14:47:25 GMT-04:00" duration-ms="68364">
      <class name="appium007.Tests">
        <test-method is-config="true" signature="setup()[pri:0, instance:appium007.Tests@5e0826e7]" started-at="2023-02-03T14:46:17 GMT-04:00" name="setup" finished-at="2023-02-03T14:46:26 GMT-04:00" duration-ms="8812" status="PASS">
          <reporter-output>
          </reporter-output>
        </test-method> <!-- setup -->
        <test-method signature="testOne()[pri:0, instance:appium007.Tests@5e0826e7]" started-at="2023-02-03T14:46:26 GMT-04:00" name="testOne" finished-at="2023-02-03T14:46:45 GMT-04:00" duration-ms="19709" status="PASS">
          <reporter-output>
          </reporter-output>
        </test-method> <!-- testOne -->
        <test-method signature="testTree()[pri:0, instance:appium007.Tests@5e0826e7]" started-at="2023-02-03T14:46:45 GMT-04:00" name="testTree" finished-at="2023-02-03T14:47:06 GMT-04:00" duration-ms="20220" status="PASS">
          <reporter-output>
          </reporter-output>
        </test-method> <!-- testTree -->
        <test-method signature="testTwo()[pri:0, instance:appium007.Tests@5e0826e7]" started-at="2023-02-03T14:47:06 GMT-04:00" name="testTwo" finished-at="2023-02-03T14:47:25 GMT-04:00" duration-ms="19011" status="PASS">
          <reporter-output>
          </reporter-output>
        </test-method> <!-- testTwo -->
        <test-method is-config="true" signature="teardown()[pri:0, instance:appium007.Tests@5e0826e7]" started-at="2023-02-03T14:47:25 GMT-04:00" name="teardown" finished-at="2023-02-03T14:47:25 GMT-04:00" duration-ms="557" status="PASS">
          <reporter-output>
          </reporter-output>
        </test-method> <!-- teardown -->
      </class> <!-- appium007.Tests -->
    </test> <!-- Default test -->
  </suite> <!-- Default suite -->
</testng-results>
