<?xml version="1.0" encoding="UTF-8"?>
<!-- Generated by org.testng.reporters.JUnitXMLReporter -->
<testsuite ignored="0" hostname="ASOLANOC-DH01" failures="0" tests="3" name="Default test" time="68.364" errors="0" timestamp="2023-02-03T14:47:25 GMT-04:00">
  <testcase classname="appium007.Tests" name="testOne" time="19.709"/>
  <testcase classname="appium007.Tests" name="testTree" time="20.22"/>
  <testcase classname="appium007.Tests" name="testTwo" time="19.011"/>
</testsuite> <!-- Default test -->
